<?xml version="1.0" encoding="UTF-8"?>
<!-- Generated by org.testng.reporters.JUnitReportReporter -->
<testsuite hostname="VJ" failures="0" tests="1" name="com.sevenrmartsupermarket.tests.AdminUserTest" time="3.699" errors="0" timestamp="2024-09-19T16:11:21 IST" skipped="0">
  <testcase classname="com.sevenrmartsupermarket.tests.AdminUserTest" name="verifyUserDetails" time="3.699"/>
</testsuite> <!-- com.sevenrmartsupermarket.tests.AdminUserTest -->
