<?xml version="1.0" encoding="UTF-8"?>
<!-- Generated by org.testng.reporters.JUnitReportReporter -->
<testsuite hostname="VJ" failures="0" tests="2" name="com.sevenrmartsupermarket.tests.HomeTest" time="12.319" errors="0" timestamp="2024-09-23T08:34:21 IST" skipped="0">
  <testcase classname="com.sevenrmartsupermarket.tests.HomeTest" name="verifyProfilePicture" time="4.464"/>
  <testcase classname="com.sevenrmartsupermarket.tests.HomeTest" name="verifyColorManageGift" time="7.855"/>
</testsuite> <!-- com.sevenrmartsupermarket.tests.HomeTest -->
